{"total": {"lines":{"total":240,"covered":240,"skipped":0,"pct":100},"statements":{"total":240,"covered":240,"skipped":0,"pct":100},"functions":{"total":16,"covered":16,"skipped":0,"pct":100},"branches":{"total":50,"covered":50,"skipped":0,"pct":100},"branchesTrue":{"total":0,"covered":0,"skipped":0,"pct":100}}
,"/home/mavia/proyectos/typescript/select/lib/index.ts": {"lines":{"total":37,"covered":37,"skipped":0,"pct":100},"functions":{"total":1,"covered":1,"skipped":0,"pct":100},"statements":{"total":37,"covered":37,"skipped":0,"pct":100},"branches":{"total":9,"covered":9,"skipped":0,"pct":100}}
,"/home/mavia/proyectos/typescript/select/lib/assertions/object.ts": {"lines":{"total":35,"covered":35,"skipped":0,"pct":100},"functions":{"total":2,"covered":2,"skipped":0,"pct":100},"statements":{"total":35,"covered":35,"skipped":0,"pct":100},"branches":{"total":12,"covered":12,"skipped":0,"pct":100}}
,"/home/mavia/proyectos/typescript/select/lib/helpers/extract.ts": {"lines":{"total":30,"covered":30,"skipped":0,"pct":100},"functions":{"total":1,"covered":1,"skipped":0,"pct":100},"statements":{"total":30,"covered":30,"skipped":0,"pct":100},"branches":{"total":8,"covered":8,"skipped":0,"pct":100}}
,"/home/mavia/proyectos/typescript/select/lib/selectors/PathSelector.ts": {"lines":{"total":119,"covered":119,"skipped":0,"pct":100},"functions":{"total":7,"covered":7,"skipped":0,"pct":100},"statements":{"total":119,"covered":119,"skipped":0,"pct":100},"branches":{"total":15,"covered":15,"skipped":0,"pct":100}}
,"/home/mavia/proyectos/typescript/select/lib/selectors/selectPath.ts": {"lines":{"total":8,"covered":8,"skipped":0,"pct":100},"functions":{"total":1,"covered":1,"skipped":0,"pct":100},"statements":{"total":8,"covered":8,"skipped":0,"pct":100},"branches":{"total":3,"covered":3,"skipped":0,"pct":100}}
,"/home/mavia/proyectos/typescript/select/lib/selectors/selectProxy.ts": {"lines":{"total":11,"covered":11,"skipped":0,"pct":100},"functions":{"total":4,"covered":4,"skipped":0,"pct":100},"statements":{"total":11,"covered":11,"skipped":0,"pct":100},"branches":{"total":3,"covered":3,"skipped":0,"pct":100}}
}
